[debug] [2024-03-04T12:38:16.675Z] ----------------------------------------------------------------------
[debug] [2024-03-04T12:38:16.679Z] Command:       C:\Program Files\nodejs\node.exe C:\Users\Norbert\AppData\Roaming\npm\node_modules\firebase-tools\lib\bin\firebase.js login
[debug] [2024-03-04T12:38:16.680Z] CLI Version:   13.4.0
[debug] [2024-03-04T12:38:16.680Z] Platform:      win32
[debug] [2024-03-04T12:38:16.680Z] Node Version:  v21.0.0
[debug] [2024-03-04T12:38:16.681Z] Time:          Mon Mar 04 2024 13:38:16 GMT+0100 (közép-európai téli idő)
[debug] [2024-03-04T12:38:16.681Z] ----------------------------------------------------------------------
[debug] 
[info] i  Firebase optionally collects CLI and Emulator Suite usage and error reporting information to help improve our products. Data is collected in accordance with Google's privacy policy (https://policies.google.com/privacy) and is not used to identify you.
 
[info] i  To change your data collection preference at any time, run `firebase logout` and log in again. 
[info] 
[info] Visit this URL on this device to log in:
[info] https://accounts.google.com/o/oauth2/auth?client_id=563584335869-fgrhgmd47bqnekij5i8b5pr03ho849e6.apps.googleusercontent.com&scope=email%20openid%20https%3A%2F%2Fwww.googleapis.com%2Fauth%2Fcloudplatformprojects.readonly%20https%3A%2F%2Fwww.googleapis.com%2Fauth%2Ffirebase%20https%3A%2F%2Fwww.googleapis.com%2Fauth%2Fcloud-platform&response_type=code&state=249726854&redirect_uri=http%3A%2F%2Flocalhost%3A9005
[info] 
[info] Waiting for authentication...
[debug] [2024-03-04T12:38:28.256Z] Error: spawn cmd ENOENT
    at ChildProcess._handle.onexit (node:internal/child_process:286:19)
    at onErrorNT (node:internal/child_process:484:16)
    at process.processTicksAndRejections (node:internal/process/task_queues:82:21)
[error] 
[error] Error: An unexpected error has occurred.
[debug] [2024-03-04T12:43:46.060Z] ----------------------------------------------------------------------
[debug] [2024-03-04T12:43:46.063Z] Command:       C:\Program Files\nodejs\node.exe C:\Users\Norbert\AppData\Roaming\npm\node_modules\firebase-tools\lib\bin\firebase.js login:ci
[debug] [2024-03-04T12:43:46.063Z] CLI Version:   13.4.0
[debug] [2024-03-04T12:43:46.064Z] Platform:      win32
[debug] [2024-03-04T12:43:46.064Z] Node Version:  v21.0.0
[debug] [2024-03-04T12:43:46.064Z] Time:          Mon Mar 04 2024 13:43:46 GMT+0100 (közép-európai téli idő)
[debug] [2024-03-04T12:43:46.065Z] ----------------------------------------------------------------------
[debug] 
[warn] !  Authenticating with a `login:ci` token is deprecated and will be removed in a future major version of `firebase-tools`. Instead, use a service account key with `GOOGLE_APPLICATION_CREDENTIALS`: https://cloud.google.com/docs/authentication/getting-started 
[info] 
[info] Visit this URL on this device to log in:
[info] https://accounts.google.com/o/oauth2/auth?client_id=563584335869-fgrhgmd47bqnekij5i8b5pr03ho849e6.apps.googleusercontent.com&scope=email%20openid%20https%3A%2F%2Fwww.googleapis.com%2Fauth%2Fcloudplatformprojects.readonly%20https%3A%2F%2Fwww.googleapis.com%2Fauth%2Ffirebase%20https%3A%2F%2Fwww.googleapis.com%2Fauth%2Fcloud-platform&response_type=code&state=136616983&redirect_uri=http%3A%2F%2Flocalhost%3A9005
[info] 
[info] Waiting for authentication...
[debug] [2024-03-04T12:43:46.107Z] Error: spawn cmd ENOENT
    at ChildProcess._handle.onexit (node:internal/child_process:286:19)
    at onErrorNT (node:internal/child_process:484:16)
    at process.processTicksAndRejections (node:internal/process/task_queues:82:21)
[error] 
[error] Error: An unexpected error has occurred.
